<?xml version="1.0" encoding="UTF-8"?>
<!-- Generated by org.testng.reporters.JUnitXMLReporter -->
<testsuite ignored="0" hostname="Smartboy" failures="0" tests="4" name="Default test" time="6.678" errors="0" timestamp="2024-09-27T01:26:21 IST">
  <testcase classname="api.test.UserTests" name="testPostUser" time="2.768"/>
  <testcase classname="api.test.UserTests" name="testGetUserByName" time="1.181"/>
  <testcase classname="api.test.UserTests" name="testUpdateUserByName" time="1.222"/>
  <testcase classname="api.test.UserTests" name="testDeleteUser" time="1.288"/>
</testsuite> <!-- Default test -->
