<?xml version="1.0" encoding="UTF-8"?>
<!-- Generated by org.testng.reporters.JUnitXMLReporter -->
<testsuite ignored="0" hostname="Smartboy" failures="0" tests="4" name="Default test" time="6.571" errors="0" timestamp="2024-09-25T01:44:05 IST">
  <testcase classname="api.test.UserTests" name="testPostUser" time="2.726"/>
  <testcase classname="api.test.UserTests" name="testGetUserByName" time="1.298"/>
  <testcase classname="api.test.UserTests" name="testUpdateUserByName" time="1.208"/>
  <testcase classname="api.test.UserTests" name="testDeleteUser" time="1.094"/>
</testsuite> <!-- Default test -->
