<?xml version="1.0" encoding="UTF-8"?>
<testng-results ignored="0" total="4" passed="4" failed="0" skipped="0">
  <reporter-output>
  </reporter-output>
  <suite started-at="2024-09-27T01:26:14 IST" name="Default suite" finished-at="2024-09-27T01:26:21 IST" duration-ms="6678">
    <groups>
    </groups>
    <test started-at="2024-09-27T01:26:14 IST" name="Default test" finished-at="2024-09-27T01:26:21 IST" duration-ms="6678">
      <class name="api.test.UserTests">
        <test-method is-config="true" signature="setupData()[pri:0, instance:api.test.UserTests@2d901eb0]" started-at="2024-09-27T01:26:14 IST" name="setupData" finished-at="2024-09-27T01:26:14 IST" duration-ms="170" status="PASS">
          <reporter-output>
          </reporter-output>
        </test-method> <!-- setupData -->
        <test-method signature="testPostUser()[pri:1, instance:api.test.UserTests@2d901eb0]" started-at="2024-09-27T01:26:14 IST" name="testPostUser" finished-at="2024-09-27T01:26:17 IST" duration-ms="2768" status="PASS">
          <reporter-output>
          </reporter-output>
        </test-method> <!-- testPostUser -->
        <test-method signature="testGetUserByName()[pri:2, instance:api.test.UserTests@2d901eb0]" started-at="2024-09-27T01:26:17 IST" name="testGetUserByName" finished-at="2024-09-27T01:26:18 IST" duration-ms="1181" status="PASS">
          <reporter-output>
          </reporter-output>
        </test-method> <!-- testGetUserByName -->
        <test-method signature="testUpdateUserByName()[pri:3, instance:api.test.UserTests@2d901eb0]" started-at="2024-09-27T01:26:18 IST" name="testUpdateUserByName" finished-at="2024-09-27T01:26:19 IST" duration-ms="1222" status="PASS">
          <reporter-output>
          </reporter-output>
        </test-method> <!-- testUpdateUserByName -->
        <test-method signature="testDeleteUser()[pri:4, instance:api.test.UserTests@2d901eb0]" started-at="2024-09-27T01:26:19 IST" name="testDeleteUser" finished-at="2024-09-27T01:26:21 IST" duration-ms="1288" status="PASS">
          <reporter-output>
          </reporter-output>
        </test-method> <!-- testDeleteUser -->
      </class> <!-- api.test.UserTests -->
    </test> <!-- Default test -->
  </suite> <!-- Default suite -->
</testng-results>
