<?xml version="1.0" encoding="UTF-8"?>
<testng-results ignored="0" total="4" passed="4" failed="0" skipped="0">
  <reporter-output>
  </reporter-output>
  <suite started-at="2024-09-25T01:43:58 IST" name="Default suite" finished-at="2024-09-25T01:44:05 IST" duration-ms="6571">
    <groups>
    </groups>
    <test started-at="2024-09-25T01:43:58 IST" name="Default test" finished-at="2024-09-25T01:44:05 IST" duration-ms="6571">
      <class name="api.test.UserTests">
        <test-method is-config="true" signature="setupData()[pri:0, instance:api.test.UserTests@2d901eb0]" started-at="2024-09-25T01:43:58 IST" name="setupData" finished-at="2024-09-25T01:43:59 IST" duration-ms="196" status="PASS">
          <reporter-output>
          </reporter-output>
        </test-method> <!-- setupData -->
        <test-method signature="testPostUser()[pri:1, instance:api.test.UserTests@2d901eb0]" started-at="2024-09-25T01:43:59 IST" name="testPostUser" finished-at="2024-09-25T01:44:01 IST" duration-ms="2726" status="PASS">
          <reporter-output>
          </reporter-output>
        </test-method> <!-- testPostUser -->
        <test-method signature="testGetUserByName()[pri:2, instance:api.test.UserTests@2d901eb0]" started-at="2024-09-25T01:44:01 IST" name="testGetUserByName" finished-at="2024-09-25T01:44:03 IST" duration-ms="1298" status="PASS">
          <reporter-output>
          </reporter-output>
        </test-method> <!-- testGetUserByName -->
        <test-method signature="testUpdateUserByName()[pri:3, instance:api.test.UserTests@2d901eb0]" started-at="2024-09-25T01:44:03 IST" name="testUpdateUserByName" finished-at="2024-09-25T01:44:04 IST" duration-ms="1208" status="PASS">
          <reporter-output>
          </reporter-output>
        </test-method> <!-- testUpdateUserByName -->
        <test-method signature="testDeleteUser()[pri:4, instance:api.test.UserTests@2d901eb0]" started-at="2024-09-25T01:44:04 IST" name="testDeleteUser" finished-at="2024-09-25T01:44:05 IST" duration-ms="1094" status="PASS">
          <reporter-output>
          </reporter-output>
        </test-method> <!-- testDeleteUser -->
      </class> <!-- api.test.UserTests -->
    </test> <!-- Default test -->
  </suite> <!-- Default suite -->
</testng-results>
